<?xml version="1.0" encoding="UTF-8"?>
<coverage generated="1768546922875" clover="3.2.0">
  <project timestamp="1768546922875" name="All files">
    <metrics statements="64" coveredstatements="62" conditionals="39" coveredconditionals="39" methods="13" coveredmethods="12" elements="116" coveredelements="113" complexity="0" loc="64" ncloc="64" packages="3" files="8" classes="8"/>
    <package name="components">
      <metrics statements="18" coveredstatements="18" conditionals="29" coveredconditionals="29" methods="11" coveredmethods="10"/>
      <file name="Controls.jsx" path="/home/devel/Projects/drums/src/components/Controls.jsx">
        <metrics statements="2" coveredstatements="2" conditionals="8" coveredconditionals="8" methods="2" coveredmethods="2"/>
        <line num="10" count="7" type="stmt"/>
        <line num="41" count="1" type="stmt"/>
      </file>
      <file name="Icons.jsx" path="/home/devel/Projects/drums/src/components/Icons.jsx">
        <metrics statements="4" coveredstatements="4" conditionals="5" coveredconditionals="5" methods="2" coveredmethods="2"/>
        <line num="7" count="4" type="stmt"/>
        <line num="8" count="29" type="stmt"/>
        <line num="68" count="4" type="cond" truecount="1" falsecount="0"/>
        <line num="69" count="23" type="cond" truecount="2" falsecount="0"/>
      </file>
      <file name="Setup.jsx" path="/home/devel/Projects/drums/src/components/Setup.jsx">
        <metrics statements="4" coveredstatements="4" conditionals="10" coveredconditionals="10" methods="3" coveredmethods="3"/>
        <line num="10" count="10" type="stmt"/>
        <line num="29" count="40" type="stmt"/>
        <line num="30" count="40" type="stmt"/>
        <line num="33" count="1" type="stmt"/>
      </file>
      <file name="ShareModal.jsx" path="/home/devel/Projects/drums/src/components/ShareModal.jsx">
        <metrics statements="8" coveredstatements="8" conditionals="6" coveredconditionals="6" methods="4" coveredmethods="3"/>
        <line num="9" count="11" type="stmt"/>
        <line num="11" count="11" type="cond" truecount="2" falsecount="0"/>
        <line num="13" count="10" type="stmt"/>
        <line num="14" count="2" type="stmt"/>
        <line num="15" count="2" type="stmt"/>
        <line num="16" count="2" type="stmt"/>
        <line num="19" count="10" type="stmt"/>
        <line num="23" count="4" type="stmt"/>
      </file>
    </package>
    <package name="data">
      <metrics statements="6" coveredstatements="6" conditionals="0" coveredconditionals="0" methods="0" coveredmethods="0"/>
      <file name="kit.js" path="/home/devel/Projects/drums/src/data/kit.js">
        <metrics statements="4" coveredstatements="4" conditionals="0" coveredconditionals="0" methods="0" coveredmethods="0"/>
        <line num="5" count="2" type="stmt"/>
        <line num="21" count="2" type="stmt"/>
        <line num="22" count="2" type="stmt"/>
        <line num="23" count="2" type="stmt"/>
      </file>
      <file name="patterns.js" path="/home/devel/Projects/drums/src/data/patterns.js">
        <metrics statements="1" coveredstatements="1" conditionals="0" coveredconditionals="0" methods="0" coveredmethods="0"/>
        <line num="5" count="1" type="stmt"/>
      </file>
      <file name="signatures.js" path="/home/devel/Projects/drums/src/data/signatures.js">
        <metrics statements="1" coveredstatements="1" conditionals="0" coveredconditionals="0" methods="0" coveredmethods="0"/>
        <line num="5" count="3" type="stmt"/>
      </file>
    </package>
    <package name="utils">
      <metrics statements="40" coveredstatements="38" conditionals="10" coveredconditionals="10" methods="2" coveredmethods="2"/>
      <file name="hashState.js" path="/home/devel/Projects/drums/src/utils/hashState.js">
        <metrics statements="40" coveredstatements="38" conditionals="10" coveredconditionals="10" methods="2" coveredmethods="2"/>
        <line num="5" count="1" type="stmt"/>
        <line num="6" count="12" type="cond" truecount="4" falsecount="0"/>
        <line num="7" count="10" type="stmt"/>
        <line num="8" count="10" type="stmt"/>
        <line num="11" count="10" type="stmt"/>
        <line num="12" count="10" type="stmt"/>
        <line num="13" count="30" type="stmt"/>
        <line num="14" count="356" type="cond" truecount="2" falsecount="0"/>
        <line num="19" count="10" type="stmt"/>
        <line num="20" count="10" type="stmt"/>
        <line num="23" count="10" type="stmt"/>
        <line num="24" count="10" type="stmt"/>
        <line num="25" count="45" type="stmt"/>
        <line num="29" count="10" type="stmt"/>
        <line num="34" count="10" type="stmt"/>
        <line num="37" count="1" type="stmt"/>
        <line num="38" count="10" type="cond" truecount="2" falsecount="0"/>
        <line num="39" count="8" type="stmt"/>
        <line num="40" count="8" type="stmt"/>
        <line num="41" count="8" type="cond" truecount="2" falsecount="0"/>
        <line num="44" count="7" type="stmt"/>
        <line num="45" count="7" type="stmt"/>
        <line num="47" count="7" type="stmt"/>
        <line num="48" count="7" type="stmt"/>
        <line num="49" count="7" type="stmt"/>
        <line num="50" count="7" type="stmt"/>
        <line num="51" count="42" type="stmt"/>
        <line num="55" count="7" type="stmt"/>
        <line num="56" count="7" type="stmt"/>
        <line num="57" count="42" type="stmt"/>
        <line num="60" count="7" type="stmt"/>
        <line num="61" count="7" type="stmt"/>
        <line num="62" count="24" type="stmt"/>
        <line num="63" count="24" type="stmt"/>
        <line num="64" count="332" type="stmt"/>
        <line num="65" count="332" type="stmt"/>
        <line num="67" count="24" type="stmt"/>
        <line num="69" count="7" type="stmt"/>
        <line num="71" count="0" type="stmt"/>
        <line num="72" count="0" type="stmt"/>
      </file>
    </package>
  </project>
</coverage>
