{"/home/devel/Projects/drums/src/components/Controls.jsx": {"path":"/home/devel/Projects/drums/src/components/Controls.jsx","statementMap":{"0":{"start":{"line":10,"column":4},"end":{"line":46,"column":null}},"1":{"start":{"line":41,"column":41},"end":{"line":41,"column":null}}},"fnMap":{"0":{"name":"Controls","decl":{"start":{"line":8,"column":24},"end":{"line":8,"column":33}},"loc":{"start":{"line":8,"column":73},"end":{"line":48,"column":null}},"line":8},"1":{"name":"(anonymous_1)","decl":{"start":{"line":41,"column":34},"end":{"line":41,"column":35}},"loc":{"start":{"line":41,"column":41},"end":{"line":41,"column":null}},"line":41}},"branchMap":{"0":{"loc":{"start":{"line":17,"column":106},"end":{"line":19,"column":null}},"type":"cond-expr","locations":[{"start":{"line":18,"column":26},"end":{"line":18,"column":null}},{"start":{"line":19,"column":26},"end":{"line":19,"column":null}}],"line":17},"1":{"loc":{"start":{"line":21,"column":27},"end":{"line":21,"column":null}},"type":"cond-expr","locations":[{"start":{"line":21,"column":39},"end":{"line":21,"column":48}},{"start":{"line":21,"column":48},"end":{"line":21,"column":null}}],"line":21},"2":{"loc":{"start":{"line":22,"column":32},"end":{"line":22,"column":null}},"type":"cond-expr","locations":[{"start":{"line":22,"column":44},"end":{"line":22,"column":53}},{"start":{"line":22,"column":53},"end":{"line":22,"column":null}}],"line":22},"3":{"loc":{"start":{"line":24,"column":30},"end":{"line":24,"column":59}},"type":"cond-expr","locations":[{"start":{"line":24,"column":42},"end":{"line":24,"column":51}},{"start":{"line":24,"column":51},"end":{"line":24,"column":59}}],"line":24}},"s":{"0":7,"1":1},"f":{"0":7,"1":1},"b":{"0":[1,6],"1":[1,6],"2":[1,6],"3":[1,6]},"meta":{"lastBranch":4,"lastFunction":2,"lastStatement":2,"seen":{"f:8:24:8:33":0,"s:10:4:46:Infinity":0,"b:18:26:18:Infinity:19:26:19:Infinity":0,"b:21:39:21:48:21:48:21:Infinity":1,"b:22:44:22:53:22:53:22:Infinity":2,"b:24:42:24:51:24:51:24:59":3,"f:41:34:41:35":1,"s:41:41:41:Infinity":1}}}
,"/home/devel/Projects/drums/src/components/Icons.jsx": {"path":"/home/devel/Projects/drums/src/components/Icons.jsx","statementMap":{"0":{"start":{"line":7,"column":26},"end":{"line":65,"column":null}},"1":{"start":{"line":8,"column":4},"end":{"line":65,"column":null}},"2":{"start":{"line":68,"column":20},"end":{"line":72,"column":null}},"3":{"start":{"line":69,"column":4},"end":{"line":72,"column":null}}},"fnMap":{"0":{"name":"(anonymous_0)","decl":{"start":{"line":7,"column":26},"end":{"line":7,"column":null}},"loc":{"start":{"line":8,"column":4},"end":{"line":65,"column":null}},"line":8},"1":{"name":"(anonymous_1)","decl":{"start":{"line":68,"column":20},"end":{"line":68,"column":21}},"loc":{"start":{"line":69,"column":4},"end":{"line":72,"column":null}},"line":69}},"branchMap":{"0":{"loc":{"start":{"line":68,"column":27},"end":{"line":68,"column":50}},"type":"default-arg","locations":[{"start":{"line":68,"column":39},"end":{"line":68,"column":50}}],"line":68},"1":{"loc":{"start":{"line":69,"column":58},"end":{"line":69,"column":null}},"type":"cond-expr","locations":[{"start":{"line":69,"column":66},"end":{"line":69,"column":74}},{"start":{"line":69,"column":74},"end":{"line":69,"column":null}}],"line":69},"2":{"loc":{"start":{"line":70,"column":9},"end":{"line":70,"column":null}},"type":"binary-expr","locations":[{"start":{"line":70,"column":9},"end":{"line":70,"column":18}},{"start":{"line":70,"column":18},"end":{"line":70,"column":null}}],"line":70}},"s":{"0":4,"1":29,"2":4,"3":23},"f":{"0":29,"1":23},"b":{"0":[23],"1":[1,22],"2":[23,1]},"meta":{"lastBranch":3,"lastFunction":2,"lastStatement":4,"seen":{"s:7:26:65:Infinity":0,"f:7:26:7:Infinity":0,"s:8:4:65:Infinity":1,"s:68:20:72:Infinity":2,"f:68:20:68:21":1,"s:69:4:72:Infinity":3,"b:68:39:68:50":0,"b:69:66:69:74:69:74:69:Infinity":1,"b:70:9:70:18:70:18:70:Infinity":2}}}
,"/home/devel/Projects/drums/src/components/Setup.jsx": {"path":"/home/devel/Projects/drums/src/components/Setup.jsx","statementMap":{"0":{"start":{"line":10,"column":4},"end":{"line":67,"column":null}},"1":{"start":{"line":29,"column":43},"end":{"line":29,"column":null}},"2":{"start":{"line":30,"column":24},"end":{"line":50,"column":null}},"3":{"start":{"line":33,"column":47},"end":{"line":33,"column":null}}},"fnMap":{"0":{"name":"Setup","decl":{"start":{"line":9,"column":24},"end":{"line":9,"column":30}},"loc":{"start":{"line":9,"column":80},"end":{"line":69,"column":null}},"line":9},"1":{"name":"(anonymous_1)","decl":{"start":{"line":28,"column":43},"end":{"line":28,"column":44}},"loc":{"start":{"line":28,"column":52},"end":{"line":52,"column":21}},"line":28},"2":{"name":"(anonymous_2)","decl":{"start":{"line":33,"column":41},"end":{"line":33,"column":47}},"loc":{"start":{"line":33,"column":47},"end":{"line":33,"column":null}},"line":33}},"branchMap":{"0":{"loc":{"start":{"line":34,"column":149},"end":{"line":34,"column":null}},"type":"cond-expr","locations":[{"start":{"line":34,"column":162},"end":{"line":34,"column":205}},{"start":{"line":34,"column":205},"end":{"line":34,"column":null}}],"line":34},"1":{"loc":{"start":{"line":38,"column":93},"end":{"line":38,"column":137}},"type":"cond-expr","locations":[{"start":{"line":38,"column":106},"end":{"line":38,"column":125}},{"start":{"line":38,"column":125},"end":{"line":38,"column":137}}],"line":38},"2":{"loc":{"start":{"line":41,"column":122},"end":{"line":41,"column":null}},"type":"cond-expr","locations":[{"start":{"line":41,"column":135},"end":{"line":41,"column":171}},{"start":{"line":41,"column":171},"end":{"line":41,"column":null}}],"line":41},"3":{"loc":{"start":{"line":47,"column":33},"end":{"line":48,"column":null}},"type":"binary-expr","locations":[{"start":{"line":47,"column":33},"end":{"line":47,"column":null}},{"start":{"line":48,"column":36},"end":{"line":48,"column":null}}],"line":47},"4":{"loc":{"start":{"line":57,"column":21},"end":{"line":63,"column":null}},"type":"binary-expr","locations":[{"start":{"line":57,"column":21},"end":{"line":57,"column":null}},{"start":{"line":58,"column":24},"end":{"line":63,"column":null}}],"line":57}},"s":{"0":10,"1":40,"2":40,"3":1},"f":{"0":10,"1":40,"2":1},"b":{"0":[4,36],"1":[4,36],"2":[4,36],"3":[40,4],"4":[10,4]},"meta":{"lastBranch":5,"lastFunction":3,"lastStatement":4,"seen":{"f:9:24:9:30":0,"s:10:4:67:Infinity":0,"f:28:43:28:44":1,"s:29:43:29:Infinity":1,"s:30:24:50:Infinity":2,"f:33:41:33:47":2,"s:33:47:33:Infinity":3,"b:34:162:34:205:34:205:34:Infinity":0,"b:38:106:38:125:38:125:38:137":1,"b:41:135:41:171:41:171:41:Infinity":2,"b:47:33:47:Infinity:48:36:48:Infinity":3,"b:57:21:57:Infinity:58:24:63:Infinity":4}}}
,"/home/devel/Projects/drums/src/components/ShareModal.jsx": {"path":"/home/devel/Projects/drums/src/components/ShareModal.jsx","statementMap":{"0":{"start":{"line":9,"column":28},"end":{"line":9,"column":null}},"1":{"start":{"line":11,"column":4},"end":{"line":11,"column":null}},"2":{"start":{"line":11,"column":17},"end":{"line":11,"column":null}},"3":{"start":{"line":13,"column":23},"end":{"line":17,"column":null}},"4":{"start":{"line":14,"column":8},"end":{"line":14,"column":null}},"5":{"start":{"line":15,"column":8},"end":{"line":15,"column":null}},"6":{"start":{"line":16,"column":8},"end":{"line":16,"column":null}},"7":{"start":{"line":16,"column":25},"end":{"line":16,"column":43}},"8":{"start":{"line":19,"column":4},"end":{"line":67,"column":null}},"9":{"start":{"line":23,"column":32},"end":{"line":23,"column":null}}},"fnMap":{"0":{"name":"ShareModal","decl":{"start":{"line":8,"column":24},"end":{"line":8,"column":35}},"loc":{"start":{"line":8,"column":66},"end":{"line":69,"column":null}},"line":8},"1":{"name":"(anonymous_1)","decl":{"start":{"line":13,"column":23},"end":{"line":13,"column":29}},"loc":{"start":{"line":13,"column":29},"end":{"line":17,"column":null}},"line":13},"2":{"name":"(anonymous_2)","decl":{"start":{"line":16,"column":19},"end":{"line":16,"column":25}},"loc":{"start":{"line":16,"column":25},"end":{"line":16,"column":43}},"line":16},"3":{"name":"(anonymous_3)","decl":{"start":{"line":23,"column":25},"end":{"line":23,"column":26}},"loc":{"start":{"line":23,"column":32},"end":{"line":23,"column":null}},"line":23}},"branchMap":{"0":{"loc":{"start":{"line":11,"column":4},"end":{"line":11,"column":null}},"type":"if","locations":[{"start":{"line":11,"column":4},"end":{"line":11,"column":null}},{"start":{},"end":{}}],"line":11},"1":{"loc":{"start":{"line":42,"column":112},"end":{"line":42,"column":null}},"type":"cond-expr","locations":[{"start":{"line":42,"column":121},"end":{"line":42,"column":149}},{"start":{"line":42,"column":149},"end":{"line":42,"column":null}}],"line":42},"2":{"loc":{"start":{"line":45,"column":25},"end":{"line":45,"column":null}},"type":"cond-expr","locations":[{"start":{"line":45,"column":34},"end":{"line":45,"column":45}},{"start":{"line":45,"column":45},"end":{"line":45,"column":null}}],"line":45}},"s":{"0":11,"1":11,"2":1,"3":10,"4":2,"5":2,"6":2,"7":0,"8":10,"9":4},"f":{"0":11,"1":2,"2":0,"3":4},"b":{"0":[1,10],"1":[2,8],"2":[2,8]},"meta":{"lastBranch":3,"lastFunction":4,"lastStatement":10,"seen":{"f:8:24:8:35":0,"s:9:28:9:Infinity":0,"b:11:4:11:Infinity:undefined:undefined:undefined:undefined":0,"s:11:4:11:Infinity":1,"s:11:17:11:Infinity":2,"s:13:23:17:Infinity":3,"f:13:23:13:29":1,"s:14:8:14:Infinity":4,"s:15:8:15:Infinity":5,"s:16:8:16:Infinity":6,"f:16:19:16:25":2,"s:16:25:16:43":7,"s:19:4:67:Infinity":8,"f:23:25:23:26":3,"s:23:32:23:Infinity":9,"b:42:121:42:149:42:149:42:Infinity":1,"b:45:34:45:45:45:45:45:Infinity":2}}}
,"/home/devel/Projects/drums/src/data/kit.js": {"path":"/home/devel/Projects/drums/src/data/kit.js","statementMap":{"0":{"start":{"line":5,"column":20},"end":{"line":18,"column":1}},"1":{"start":{"line":21,"column":19},"end":{"line":21,"column":46}},"2":{"start":{"line":22,"column":27},"end":{"line":22,"column":43}},"3":{"start":{"line":23,"column":30},"end":{"line":23,"column":43}}},"fnMap":{},"branchMap":{},"s":{"0":2,"1":2,"2":2,"3":2},"f":{},"b":{},"meta":{"lastBranch":0,"lastFunction":0,"lastStatement":4,"seen":{"s:5:20:18:1":0,"s:21:19:21:46":1,"s:22:27:22:43":2,"s:23:30:23:43":3}}}
,"/home/devel/Projects/drums/src/data/patterns.js": {"path":"/home/devel/Projects/drums/src/data/patterns.js","statementMap":{"0":{"start":{"line":5,"column":25},"end":{"line":38,"column":1}}},"fnMap":{},"branchMap":{},"s":{"0":1},"f":{},"b":{},"meta":{"lastBranch":0,"lastFunction":0,"lastStatement":1,"seen":{"s:5:25:38:1":0}}}
,"/home/devel/Projects/drums/src/data/signatures.js": {"path":"/home/devel/Projects/drums/src/data/signatures.js","statementMap":{"0":{"start":{"line":5,"column":33},"end":{"line":10,"column":1}}},"fnMap":{},"branchMap":{},"s":{"0":3},"f":{},"b":{},"meta":{"lastBranch":0,"lastFunction":0,"lastStatement":1,"seen":{"s:5:33:10:1":0}}}
,"/home/devel/Projects/drums/src/utils/hashState.js": {"path":"/home/devel/Projects/drums/src/utils/hashState.js","statementMap":{"0":{"start":{"line":5,"column":26},"end":{"line":35,"column":1}},"1":{"start":{"line":6,"column":4},"end":{"line":6,"column":null}},"2":{"start":{"line":6,"column":31},"end":{"line":6,"column":null}},"3":{"start":{"line":7,"column":17},"end":{"line":7,"column":28}},"4":{"start":{"line":8,"column":17},"end":{"line":8,"column":31}},"5":{"start":{"line":11,"column":17},"end":{"line":11,"column":19}},"6":{"start":{"line":12,"column":4},"end":{"line":16,"column":null}},"7":{"start":{"line":12,"column":17},"end":{"line":12,"column":18}},"8":{"start":{"line":13,"column":8},"end":{"line":15,"column":null}},"9":{"start":{"line":13,"column":21},"end":{"line":13,"column":22}},"10":{"start":{"line":14,"column":12},"end":{"line":14,"column":null}},"11":{"start":{"line":19,"column":20},"end":{"line":19,"column":49}},"12":{"start":{"line":20,"column":4},"end":{"line":20,"column":null}},"13":{"start":{"line":23,"column":18},"end":{"line":23,"column":20}},"14":{"start":{"line":24,"column":4},"end":{"line":26,"column":null}},"15":{"start":{"line":24,"column":17},"end":{"line":24,"column":18}},"16":{"start":{"line":25,"column":8},"end":{"line":25,"column":null}},"17":{"start":{"line":29,"column":19},"end":{"line":32,"column":27}},"18":{"start":{"line":34,"column":4},"end":{"line":34,"column":null}},"19":{"start":{"line":37,"column":26},"end":{"line":74,"column":1}},"20":{"start":{"line":38,"column":4},"end":{"line":38,"column":null}},"21":{"start":{"line":38,"column":18},"end":{"line":38,"column":null}},"22":{"start":{"line":39,"column":30},"end":{"line":39,"column":48}},"23":{"start":{"line":40,"column":17},"end":{"line":40,"column":34}},"24":{"start":{"line":41,"column":4},"end":{"line":41,"column":null}},"25":{"start":{"line":41,"column":21},"end":{"line":41,"column":null}},"26":{"start":{"line":44,"column":14},"end":{"line":44,"column":58}},"27":{"start":{"line":45,"column":4},"end":{"line":45,"column":null}},"28":{"start":{"line":45,"column":27},"end":{"line":45,"column":null}},"29":{"start":{"line":47,"column":4},"end":{"line":73,"column":null}},"30":{"start":{"line":48,"column":26},"end":{"line":48,"column":35}},"31":{"start":{"line":49,"column":22},"end":{"line":49,"column":54}},"32":{"start":{"line":50,"column":8},"end":{"line":52,"column":null}},"33":{"start":{"line":50,"column":21},"end":{"line":50,"column":22}},"34":{"start":{"line":51,"column":12},"end":{"line":51,"column":null}},"35":{"start":{"line":55,"column":21},"end":{"line":55,"column":23}},"36":{"start":{"line":56,"column":8},"end":{"line":58,"column":null}},"37":{"start":{"line":56,"column":21},"end":{"line":56,"column":22}},"38":{"start":{"line":57,"column":12},"end":{"line":57,"column":null}},"39":{"start":{"line":60,"column":21},"end":{"line":60,"column":23}},"40":{"start":{"line":61,"column":8},"end":{"line":68,"column":null}},"41":{"start":{"line":61,"column":21},"end":{"line":61,"column":22}},"42":{"start":{"line":62,"column":24},"end":{"line":62,"column":26}},"43":{"start":{"line":63,"column":12},"end":{"line":66,"column":null}},"44":{"start":{"line":63,"column":25},"end":{"line":63,"column":26}},"45":{"start":{"line":64,"column":30},"end":{"line":64,"column":42}},"46":{"start":{"line":65,"column":16},"end":{"line":65,"column":null}},"47":{"start":{"line":67,"column":12},"end":{"line":67,"column":null}},"48":{"start":{"line":69,"column":8},"end":{"line":69,"column":null}},"49":{"start":{"line":71,"column":8},"end":{"line":71,"column":null}},"50":{"start":{"line":72,"column":8},"end":{"line":72,"column":null}}},"fnMap":{"0":{"name":"(anonymous_0)","decl":{"start":{"line":5,"column":26},"end":{"line":5,"column":27}},"loc":{"start":{"line":5,"column":36},"end":{"line":35,"column":1}},"line":5},"1":{"name":"(anonymous_1)","decl":{"start":{"line":37,"column":26},"end":{"line":37,"column":27}},"loc":{"start":{"line":37,"column":53},"end":{"line":74,"column":1}},"line":37}},"branchMap":{"0":{"loc":{"start":{"line":6,"column":4},"end":{"line":6,"column":null}},"type":"if","locations":[{"start":{"line":6,"column":4},"end":{"line":6,"column":null}},{"start":{},"end":{}}],"line":6},"1":{"loc":{"start":{"line":6,"column":8},"end":{"line":6,"column":29}},"type":"binary-expr","locations":[{"start":{"line":6,"column":8},"end":{"line":6,"column":13}},{"start":{"line":6,"column":17},"end":{"line":6,"column":29}}],"line":6},"2":{"loc":{"start":{"line":14,"column":22},"end":{"line":14,"column":44}},"type":"cond-expr","locations":[{"start":{"line":14,"column":35},"end":{"line":14,"column":38}},{"start":{"line":14,"column":41},"end":{"line":14,"column":44}}],"line":14},"3":{"loc":{"start":{"line":38,"column":4},"end":{"line":38,"column":null}},"type":"if","locations":[{"start":{"line":38,"column":4},"end":{"line":38,"column":null}},{"start":{},"end":{}}],"line":38},"4":{"loc":{"start":{"line":41,"column":4},"end":{"line":41,"column":null}},"type":"if","locations":[{"start":{"line":41,"column":4},"end":{"line":41,"column":null}},{"start":{},"end":{}}],"line":41}},"s":{"0":1,"1":12,"2":2,"3":10,"4":10,"5":10,"6":10,"7":10,"8":30,"9":30,"10":356,"11":10,"12":10,"13":10,"14":10,"15":10,"16":45,"17":10,"18":10,"19":1,"20":10,"21":2,"22":8,"23":8,"24":8,"25":1,"26":7,"27":7,"28":6,"29":7,"30":7,"31":7,"32":7,"33":7,"34":42,"35":7,"36":7,"37":7,"38":42,"39":7,"40":7,"41":7,"42":24,"43":24,"44":24,"45":332,"46":332,"47":24,"48":7,"49":0,"50":0},"f":{"0":12,"1":10},"b":{"0":[2,10],"1":[12,11],"2":[156,200],"3":[2,8],"4":[1,7]},"meta":{"lastBranch":5,"lastFunction":2,"lastStatement":51,"seen":{"s:5:26:35:1":0,"f:5:26:5:27":0,"b:6:4:6:Infinity:undefined:undefined:undefined:undefined":0,"s:6:4:6:Infinity":1,"b:6:8:6:13:6:17:6:29":1,"s:6:31:6:Infinity":2,"s:7:17:7:28":3,"s:8:17:8:31":4,"s:11:17:11:19":5,"s:12:4:16:Infinity":6,"s:12:17:12:18":7,"s:13:8:15:Infinity":8,"s:13:21:13:22":9,"s:14:12:14:Infinity":10,"b:14:35:14:38:14:41:14:44":2,"s:19:20:19:49":11,"s:20:4:20:Infinity":12,"s:23:18:23:20":13,"s:24:4:26:Infinity":14,"s:24:17:24:18":15,"s:25:8:25:Infinity":16,"s:29:19:32:27":17,"s:34:4:34:Infinity":18,"s:37:26:74:1":19,"f:37:26:37:27":1,"b:38:4:38:Infinity:undefined:undefined:undefined:undefined":3,"s:38:4:38:Infinity":20,"s:38:18:38:Infinity":21,"s:39:30:39:48":22,"s:40:17:40:34":23,"b:41:4:41:Infinity:undefined:undefined:undefined:undefined":4,"s:41:4:41:Infinity":24,"s:41:21:41:Infinity":25,"s:44:14:44:58":26,"s:45:4:45:Infinity":27,"s:45:27:45:Infinity":28,"s:47:4:73:Infinity":29,"s:48:26:48:35":30,"s:49:22:49:54":31,"s:50:8:52:Infinity":32,"s:50:21:50:22":33,"s:51:12:51:Infinity":34,"s:55:21:55:23":35,"s:56:8:58:Infinity":36,"s:56:21:56:22":37,"s:57:12:57:Infinity":38,"s:60:21:60:23":39,"s:61:8:68:Infinity":40,"s:61:21:61:22":41,"s:62:24:62:26":42,"s:63:12:66:Infinity":43,"s:63:25:63:26":44,"s:64:30:64:42":45,"s:65:16:65:Infinity":46,"s:67:12:67:Infinity":47,"s:69:8:69:Infinity":48,"s:71:8:71:Infinity":49,"s:72:8:72:Infinity":50}}}
}
